Arguments: 
  D:\ProgrammierWorkshops\Programme\NodeJS\15.14.0\node\node.exe D:\ProgrammierWorkshops\Programme\NodeJS\15.14.0\npm\node_modules\yarn\bin\yarn.js

PATH: 
  D:\ProgrammierWorkshops\Programme\NodeJS\15.14.0\node;D:\ProgrammierWorkshops\Programme\NodeJS\15.14.0\npm;D:\ProgrammierWorkshops\Programme\NodeJS\15.14.0\node_modules\npm\bin;D:\CLOUD\Environments\PowerShell\7.2.0;C:\Program Files\WindowsApps\Microsoft.WindowsTerminal_1.7.1033.0_x64__8wekyb3d8bbwe;D:\DevApps\DeveloperTools\bin;C:\WINDOWS\system32;C:\WINDOWS;C:\WINDOWS\System32\Wbem;C:\WINDOWS\System32\WindowsPowerShell\v1.0\;C:\WINDOWS\System32\OpenSSH\;C:\Program Files (x86)\NVIDIA Corporation\PhysX\Common;C:\Program Files\Microsoft SQL Server\130\Tools\Binn\;C:\Program Files\Microsoft SQL Server\Client SDK\ODBC\170\Tools\Binn\;D:\DevApps\Go\bin;D:\CLOUD\Environments\PowerShell\7.1.2;D:\DevApps\CMake\3.19.6\bin;D:\DevApps\Android\Studio\bin;D:\DevApps\Android\SDK\emulator;D:\DevApps\Android\SDK\tools;D:\DevApps\Android\SDK\tools\bin;D:\DevApps\Android\SDK\platform-tools;D:\DevApps\IntelliJ IDEA Ultimate\bin;C:\Users\rg\.cargo\bin;C:\ProgramData\chocolatey\bin;C:\Program Files\dotnet\;D:\DevApps\Azure\Azure Functions Core Tools\;D:\DevApps\Azure Data Studio\bin;C:\Program Files (x86)\Microsoft SDKs\Azure\CLI2\wbin;D:\DevApps\Vagrant\bin;D:\APPDATA\Chocolatey\bin;D:\APPDATA\Chocolatey\Tools;D:\DevApps\Hugo\0.80.0_Extended;D:\SrvApps\XAMPP\php;D:\CLOUD\Environments\Ruby\3.0.0-1\bin;D:\WinApps\ImageMagick\7.0.11-Q16;C:\Program Files\Microsoft\Web Platform Installer\;C:\Program Files\Docker\Docker\resources\bin;C:\ProgramData\DockerDesktop\version-bin;C:\Program Files\Google\Chrome\Application;#ENDOFSYSTEM#;D:\DevApps\Git\cmd;D:\DevApps\DeveloperTools\bin;D:\DevApps\Python\3.9.1\Scripts\;D:\DevApps\Python\3.9.1\;C:\Users\rg\.cargo\bin;C:\Users\rg\AppData\Local\Microsoft\WindowsApps;C:\Users\rg\.dotnet\tools;C:\Users\rg\AppData\Roaming\cabal\bin;C:\Users\rg\go\bin;C:\ProgramData\chocolatey\lib\ghc\tools\ghc-8.10.3\bin;C:\tools\msys64;D:\DevApps\Github CLI\;C:\Users\rg\AppData\Local\GitHubDesktop\bin;D:\APPDATA\Chocolatey\Tools\dart-sdk\bin;C:\Users\rg\AppData\Roaming\Pub\Cache\bin;D:\DevApps\Microsoft VS Code\bin;C:\Program Files\Google\Chrome\Application;#ENDOFUSER#;

Yarn version: 
  1.22.10

Node version: 
  15.14.0

Platform: 
  win32 x64

Trace: 
  Error: connect ECONNREFUSED 127.0.0.1:4873
      at TCPConnectWrap.afterConnect [as oncomplete] (node:net:1138:16)

npm manifest: 
  {
  	"name": "100-days",
  	"version": "1.0.0",
  	"main": "./build/index.js",
  	"repository": "https://github.com/ivanvb/100-days-front-end.git",
  	"author": "ivanvb <ivanvalette@hotmail.com>",
  	"license": "MIT",
  	"scripts": {
  		"generateIndex": "node ./build/index.js",
  		"parcel": "parcel build ./src/index.build.html --public-url ../.. --no-source-maps --no-minify",
  		"build": "yarn generateIndex && yarn parcel",
  		"postbuild": "node ./build/postbuild.js",
  		"server": "python -m http.server --directory dist"
  	},
  	"devDependencies": {
  		"@babel/core": "^7.10.3",
  		"@babel/plugin-transform-runtime": "^7.10.3",
  		"@babel/preset-env": "^7.10.3",
  		"autoprefixer": "^9.8.4",
  		"parcel-bundler": "^1.12.4",
  		"sass": "^1.32.11"
  	},
  	"dependencies": {
  		"@babel/runtime": "^7.10.3"
  	}
  }

yarn manifest: 
  No manifest

Lockfile: 
  No lockfile
